2025-09-20 19:20:58 INFO  org.hibernate.validator.internal.util.Version - HV000001: Hibernate Validator 8.0.2.Final
2025-09-20 19:20:58 INFO  com.example.demo.PruebaTecnicaApplication - Starting PruebaTecnicaApplication using Java 21.0.7 with PID 6544 (C:\Users\maico\Downloads\PRUEBA TECNICA\demo\target\classes started by maico in C:\Users\maico\Downloads\PRUEBA TECNICA\demo)
2025-09-20 19:20:58 INFO  com.example.demo.PruebaTecnicaApplication - No active profile set, falling back to 1 default profile: "default"
2025-09-20 19:20:58 INFO  org.springframework.data.repository.config.RepositoryConfigurationDelegate - Bootstrapping Spring Data JPA repositories in DEFAULT mode.
2025-09-20 19:20:58 INFO  org.springframework.data.repository.config.RepositoryConfigurationDelegate - Finished Spring Data repository scanning in 50 ms. Found 1 JPA repository interface.
2025-09-20 19:20:59 INFO  org.springframework.boot.web.embedded.tomcat.TomcatWebServer - Tomcat initialized with port 8080 (http)
2025-09-20 19:20:59 INFO  org.apache.coyote.http11.Http11NioProtocol - Initializing ProtocolHandler ["http-nio-8080"]
2025-09-20 19:20:59 INFO  org.apache.catalina.core.StandardService - Starting service [Tomcat]
2025-09-20 19:20:59 INFO  org.apache.catalina.core.StandardEngine - Starting Servlet engine: [Apache Tomcat/10.1.40]
2025-09-20 19:20:59 INFO  org.apache.catalina.core.ContainerBase.[Tomcat].[localhost].[/] - Initializing Spring embedded WebApplicationContext
2025-09-20 19:20:59 INFO  org.springframework.boot.web.servlet.context.ServletWebServerApplicationContext - Root WebApplicationContext: initialization completed in 1161 ms
2025-09-20 19:20:59 INFO  org.hibernate.jpa.internal.util.LogHelper - HHH000204: Processing PersistenceUnitInfo [name: default]
2025-09-20 19:20:59 INFO  org.hibernate.Version - HHH000412: Hibernate ORM core version 6.6.13.Final
2025-09-20 19:20:59 INFO  org.hibernate.cache.internal.RegionFactoryInitiator - HHH000026: Second-level cache disabled
2025-09-20 19:20:59 INFO  org.springframework.orm.jpa.persistenceunit.SpringPersistenceUnitInfo - No LoadTimeWeaver setup: ignoring JPA class transformer
2025-09-20 19:20:59 INFO  com.zaxxer.hikari.HikariDataSource - HikariPool-1 - Starting...
2025-09-20 19:21:00 INFO  com.zaxxer.hikari.pool.HikariPool - HikariPool-1 - Added connection conn0: url=jdbc:h2:mem:clientesdb user=SA
2025-09-20 19:21:00 INFO  com.zaxxer.hikari.HikariDataSource - HikariPool-1 - Start completed.
2025-09-20 19:21:00 INFO  org.hibernate.orm.connections.pooling - HHH10001005: Database info:
	Database JDBC URL [Connecting through datasource 'HikariDataSource (HikariPool-1)']
	Database driver: undefined/unknown
	Database version: 2.3.232
	Autocommit mode: undefined/unknown
	Isolation level: undefined/unknown
	Minimum pool size: undefined/unknown
	Maximum pool size: undefined/unknown
2025-09-20 19:21:00 INFO  org.hibernate.engine.transaction.jta.platform.internal.JtaPlatformInitiator - HHH000489: No JTA platform available (set 'hibernate.transaction.jta.platform' to enable JTA platform integration)
2025-09-20 19:21:00 INFO  org.springframework.orm.jpa.LocalContainerEntityManagerFactoryBean - Initialized JPA EntityManagerFactory for persistence unit 'default'
2025-09-20 19:21:01 WARN  org.springframework.boot.autoconfigure.orm.jpa.JpaBaseConfiguration$JpaWebConfiguration - spring.jpa.open-in-view is enabled by default. Therefore, database queries may be performed during view rendering. Explicitly configure spring.jpa.open-in-view to disable this warning
2025-09-20 19:21:01 INFO  org.springframework.boot.autoconfigure.h2.H2ConsoleAutoConfiguration - H2 console available at '/h2-console'. Database available at 'jdbc:h2:mem:clientesdb'
2025-09-20 19:21:01 INFO  org.apache.coyote.http11.Http11NioProtocol - Starting ProtocolHandler ["http-nio-8080"]
2025-09-20 19:21:01 INFO  org.springframework.boot.web.embedded.tomcat.TomcatWebServer - Tomcat started on port 8080 (http) with context path '/'
2025-09-20 19:21:01 INFO  com.example.demo.PruebaTecnicaApplication - Started PruebaTecnicaApplication in 3.592 seconds (process running for 4.196)
2025-09-20 19:21:01 INFO  com.example.demo.PruebaTecnicaApplication - 🔥 Log de prueba, debería estar en clientes-app.log
2025-09-20 19:21:06 INFO  org.apache.catalina.core.ContainerBase.[Tomcat].[localhost].[/] - Initializing Spring DispatcherServlet 'dispatcherServlet'
2025-09-20 19:21:06 INFO  org.springframework.web.servlet.DispatcherServlet - Initializing Servlet 'dispatcherServlet'
2025-09-20 19:21:06 INFO  org.springframework.web.servlet.DispatcherServlet - Completed initialization in 1 ms
2025-09-20 19:21:06 INFO  com.example.demo.Service.ClienteService - Request recibido para guardarCliente: ClienteRequest(idTx=11111111-aaaa-bbbb-cccc-1234567890ab, tipoDocumento=CC, numeroDocumento=1234567890, primerNombre=Pepito, segundoNombre=Ramiro, primerApellido=Perez, segundoApellido=Gomez, telefono=12345678, correoElectronico=pepito.perez@hotmail.com)
2025-09-20 19:21:06 INFO  com.example.demo.Service.ClienteService - Cliente almacenado en BD: ClienteEntity(id=1, tipoDocumento=CC, numeroDocumento=1234567890, primerNombre=Pepito, segundoNombre=Ramiro, primerApellido=Perez, segundoApellido=Gomez, telefono=12345678, correoElectronico=pepito.perez@hotmail.com)
